c:\users\ac1d\desktop\rc\rc\x64\debug\vc142.pdb
c:\users\ac1d\desktop\rc\rc\x64\debug\vc142.idb
c:\users\ac1d\desktop\rc\rc\x64\debug\struct_endian.obj
c:\users\ac1d\desktop\rc\rc\x64\debug\struct.obj
c:\users\ac1d\desktop\rc\rc\x64\debug\showerror.obj
c:\users\ac1d\desktop\rc\rc\x64\debug\screenshot.obj
c:\users\ac1d\desktop\rc\rc\x64\debug\reg.obj
c:\users\ac1d\desktop\rc\rc\x64\debug\protocol.obj
c:\users\ac1d\desktop\rc\rc\x64\debug\keylogger.obj
c:\users\ac1d\desktop\rc\rc\x64\debug\filetrans.obj
c:\users\ac1d\desktop\rc\rc\x64\debug\documentlookup.obj
c:\users\ac1d\desktop\rc\rc\x64\debug\dllmain.obj
c:\users\ac1d\desktop\rc\rc\x64\debug\autostartupdir.obj
c:\users\ac1d\desktop\rc\x64\debug\rc.ilk
c:\users\ac1d\desktop\rc\x64\debug\rc.dll
c:\users\ac1d\desktop\rc\x64\debug\rc.pdb
c:\users\ac1d\desktop\rc\rc\x64\debug\rc.tlog\cl.command.1.tlog
c:\users\ac1d\desktop\rc\rc\x64\debug\rc.tlog\cl.read.1.tlog
c:\users\ac1d\desktop\rc\rc\x64\debug\rc.tlog\cl.write.1.tlog
c:\users\ac1d\desktop\rc\rc\x64\debug\rc.tlog\link.command.1.tlog
c:\users\ac1d\desktop\rc\rc\x64\debug\rc.tlog\link.read.1.tlog
c:\users\ac1d\desktop\rc\rc\x64\debug\rc.tlog\link.write.1.tlog
